Arguments: 
  /usr/local/bin/node /usr/local/bin/yarn

PATH: 
  /usr/local/bin:/usr/bin:/bin:/usr/sbin:/sbin:/Applications/Wireshark.app/Contents/MacOS:/Development/android-sdk/platform-tools:/Development/android-sdk/tools:/Users/yaoxy/Applications

Yarn version: 
  1.7.0

Node version: 
  10.13.0

Platform: 
  darwin x64

Trace: 
  SyntaxError: /code/webpack-simple-master/package.json: Unexpected token { in JSON at position 707
      at JSON.parse (<anonymous>)
      at /usr/local/lib/node_modules/yarn/lib/cli.js:1130:59
      at Generator.next (<anonymous>)
      at step (/usr/local/lib/node_modules/yarn/lib/cli.js:98:30)
      at /usr/local/lib/node_modules/yarn/lib/cli.js:109:13

npm manifest: 
  {
    "name": "{{ name }}",
    "description": "{{ description }}",
    "version": "1.0.0",
    "author": "{{ author }}",
    "license": "{{ license }}",
    "private": true,
    "scripts": {
      "dev": "cross-env NODE_ENV=development webpack-dev-server --open --hot",
      "build": "cross-env NODE_ENV=production webpack --progress --hide-modules"
    },
    "dependencies": {
      "vue": "^2.5.11"
    },
    "browserslist": [
      "> 1%",
      "last 2 versions",
      "not ie <= 8"
    ],
    "devDependencies": {
      "babel-core": "^6.26.0",
      "babel-loader": "^7.1.2",
      "babel-preset-env": "^1.6.0",
      "babel-preset-stage-3": "^6.24.1",
      "cross-env": "^5.0.5",
      "css-loader": "^0.28.7",
      "file-loader": "^1.1.4",
      {{#sass}}
      "node-sass": "^4.5.3",
      "sass-loader": "^6.0.6",
      {{/sass}}
      "vue-loader": "^13.0.5",
      "vue-template-compiler": "^2.4.4",
      "webpack": "^3.6.0",
      "webpack-dev-server": "^2.9.1"
    }
  }

yarn manifest: 
  No manifest

Lockfile: 
  No lockfile
